<?xml version="1.0" encoding="UTF-8"?>
<!-- Generated by org.testng.reporters.JUnitXMLReporter -->
<testsuite hostname="Server01" ignored="0" name="Car Name and Price Test" tests="3" failures="0" timestamp="08 Jul 2022 20:58:48 GMT" time="68.015" errors="0">
  <testcase name="carNameAndPrice" time="27.172" classname="testcases.CarNameAndPriceTest"/>
  <testcase name="carNameAndPrice" time="21.468" classname="testcases.CarNameAndPriceTest"/>
  <testcase name="carNameAndPrice" time="15.991" classname="testcases.CarNameAndPriceTest"/>
</testsuite> <!-- Car Name and Price Test -->
