<?xml version="1.0" encoding="UTF-8"?>
<!-- Generated by org.testng.reporters.JUnitXMLReporter -->
<testsuite hostname="Server01" ignored="0" name="Find New Car Test" tests="3" failures="0" timestamp="08 Jul 2022 20:57:39 GMT" time="107.299" errors="0">
  <testcase name="findNewCar" time="55.548" classname="testcases.FindNewCarTest"/>
  <testcase name="findNewCar" time="28.653" classname="testcases.FindNewCarTest"/>
  <testcase name="findNewCar" time="19.211" classname="testcases.FindNewCarTest"/>
</testsuite> <!-- Find New Car Test -->
